This is pdfTeX, Version 3.14159265-2.6-1.40.16 (MiKTeX 2.9) (preloaded format=pdflatex 2015.10.18)  25 NOV 2015 16:07
entering extended mode
**HandIn4Main.tex
(HandIn4Main.tex
LaTeX2e <2015/01/01> patch level 2
Babel <3.9m> and hyphenation patterns for 69 languages loaded.
("C:\Program Files (x86)\MikTex\tex\latex\base\article.cls"
Document Class: article 2014/09/29 v1.4h Standard LaTeX document class
("C:\Program Files (x86)\MikTex\tex\latex\base\size10.clo"
File: size10.clo 2014/09/29 v1.4h Standard LaTeX file (size option)
)
\c@part=\count79
\c@section=\count80
\c@subsection=\count81
\c@subsubsection=\count82
\c@paragraph=\count83
\c@subparagraph=\count84
\c@figure=\count85
\c@table=\count86
\abovecaptionskip=\skip41
\belowcaptionskip=\skip42
\bibindent=\dimen102
)
("C:\Program Files (x86)\MikTex\tex\latex\graphics\graphicx.sty"
Package: graphicx 2014/10/28 v1.0g Enhanced LaTeX Graphics (DPC,SPQR)

("C:\Program Files (x86)\MikTex\tex\latex\graphics\keyval.sty"
Package: keyval 2014/10/28 v1.15 key=value parser (DPC)
\KV@toks@=\toks14
)
("C:\Program Files (x86)\MikTex\tex\latex\graphics\graphics.sty"
Package: graphics 2014/10/28 v1.0p Standard LaTeX Graphics (DPC,SPQR)

("C:\Program Files (x86)\MikTex\tex\latex\graphics\trig.sty"
Package: trig 1999/03/16 v1.09 sin cos tan (DPC)
)
("C:\Program Files (x86)\MikTex\tex\latex\00miktex\graphics.cfg"
File: graphics.cfg 2007/01/18 v1.5 graphics configuration of teTeX/TeXLive
)
Package graphics Info: Driver file: pdftex.def on input line 94.

("C:\Program Files (x86)\MikTex\tex\latex\pdftex-def\pdftex.def"
File: pdftex.def 2011/05/27 v0.06d Graphics/color for pdfTeX

("C:\Program Files (x86)\MikTex\tex\generic\oberdiek\infwarerr.sty"
Package: infwarerr 2010/04/08 v1.3 Providing info/warning/error messages (HO)
)
("C:\Program Files (x86)\MikTex\tex\generic\oberdiek\ltxcmds.sty"
Package: ltxcmds 2011/11/09 v1.22 LaTeX kernel commands for general use (HO)
)
\Gread@gobject=\count87
))
\Gin@req@height=\dimen103
\Gin@req@width=\dimen104
)
("C:\Program Files (x86)\MikTex\tex\latex\float\float.sty"
Package: float 2001/11/08 v1.3d Float enhancements (AL)
\c@float@type=\count88
\float@exts=\toks15
\float@box=\box26
\@float@everytoks=\toks16
\@floatcapt=\box27
)
("C:\Program Files (x86)\MikTex\tex\generic\babel\babel.sty"
Package: babel 2015/08/03 3.9m The Babel package

*************************************
* Local config file bblopts.cfg used
*
("C:\Program Files (x86)\MikTex\tex\latex\00miktex\bblopts.cfg"
File: bblopts.cfg 2006/07/31 v1.0 MiKTeX 'babel' configuration
)
("C:\Program Files (x86)\MikTex\tex\latex\babel-danish\danish.ldf"
Language: danish 2009/09/19 v1.3r Danish support from the babel system

("C:\Program Files (x86)\MikTex\tex\generic\babel\babel.def"
File: babel.def 2015/08/03 3.9m Babel common definitions
\babel@savecnt=\count89
\U@D=\dimen105
)
Package babel Info: Making " an active character on input line 82.
))
<<<<<<< HEAD
(C:\Users\FamilienMarstrand\Documents\INDAD\Assignment_Work_Folder\INDADHandIn4
\HandIn4Main.aux
(C:\Users\FamilienMarstrand\Documents\INDAD\Assignment_Work_Folder\INDADHandIn4
\section/problem1.aux))
LaTeX Font Info:    Checking defaults for OML/cmm/m/it on input line 12.
LaTeX Font Info:    ... okay on input line 12.
LaTeX Font Info:    Checking defaults for T1/cmr/m/n on input line 12.
LaTeX Font Info:    ... okay on input line 12.
LaTeX Font Info:    Checking defaults for OT1/cmr/m/n on input line 12.
LaTeX Font Info:    ... okay on input line 12.
LaTeX Font Info:    Checking defaults for OMS/cmsy/m/n on input line 12.
LaTeX Font Info:    ... okay on input line 12.
LaTeX Font Info:    Checking defaults for OMX/cmex/m/n on input line 12.
LaTeX Font Info:    ... okay on input line 12.
LaTeX Font Info:    Checking defaults for U/cmr/m/n on input line 12.
LaTeX Font Info:    ... okay on input line 12.

("C:\Program Files (x86)\MiKTeX 2.9\tex\context\base\supp-pdf.mkii"
=======
(HandIn4Main.aux (section/problem2DeadLock.aux)
(section/problem3DeadLockPrevention.aux))
LaTeX Font Info:    Checking defaults for OML/cmm/m/it on input line 13.
LaTeX Font Info:    ... okay on input line 13.
LaTeX Font Info:    Checking defaults for T1/cmr/m/n on input line 13.
LaTeX Font Info:    ... okay on input line 13.
LaTeX Font Info:    Checking defaults for OT1/cmr/m/n on input line 13.
LaTeX Font Info:    ... okay on input line 13.
LaTeX Font Info:    Checking defaults for OMS/cmsy/m/n on input line 13.
LaTeX Font Info:    ... okay on input line 13.
LaTeX Font Info:    Checking defaults for OMX/cmex/m/n on input line 13.
LaTeX Font Info:    ... okay on input line 13.
LaTeX Font Info:    Checking defaults for U/cmr/m/n on input line 13.
LaTeX Font Info:    ... okay on input line 13.

("C:\Program Files (x86)\MikTex\tex\context\base\supp-pdf.mkii"
>>>>>>> origin/master
[Loading MPS to PDF converter (version 2006.09.02).]
\scratchcounter=\count90
\scratchdimen=\dimen106
\scratchbox=\box28
\nofMPsegments=\count91
\nofMParguments=\count92
\everyMPshowfont=\toks17
\MPscratchCnt=\count93
\MPscratchDim=\dimen107
\MPnumerator=\count94
\makeMPintoPDFobject=\count95
\everyMPtoPDFconversion=\toks18
)
LaTeX Font Info:    External font `cmex10' loaded for size
(Font)              <12> on input line 14.
LaTeX Font Info:    External font `cmex10' loaded for size
(Font)              <8> on input line 14.
LaTeX Font Info:    External font `cmex10' loaded for size
(Font)              <6> on input line 14.
Missing character: There is no Ã in font cmr12!
Missing character: There is no ¦ in font cmr12!
 [1

{C:/Users/DennisThinhTan/AppData/Local/MiKTeX/2.9/pdftex/config/pdftex.map}] (H
andIn4Main.toc
LaTeX Font Info:    External font `cmex10' loaded for size
(Font)              <7> on input line 3.
LaTeX Font Info:    External font `cmex10' loaded for size
(Font)              <5> on input line 3.
)
\tf@toc=\write3
 [2] (section/problem2DeadLock.tex
<C:/Users/DennisThinhTan/Documents/GitHub/INDADHandIn4/image/Lm1Table.png, id=1
3, 252.19218pt x 187.45032pt>
File: C:/Users/DennisThinhTan/Documents/GitHub/INDADHandIn4/image/Lm1Table.png 
Graphic file (type png)

<use C:/Users/DennisThinhTan/Documents/GitHub/INDADHandIn4/image/Lm1Table.png>
Package pdftex.def Info: C:/Users/DennisThinhTan/Documents/GitHub/INDADHandIn4/
image/Lm1Table.png used on input line 5.
(pdftex.def)             Requested size: 241.49895pt x 179.50404pt.

[3

 <C:/Users/DennisThinhTan/Documents/GitHub/INDADHandIn4/image/Lm1Table.png>]
<C:/Users/DennisThinhTan/Documents/GitHub/INDADHandIn4/image/waitForGraphForLM.
png, id=17, 252.19218pt x 245.79327pt>
File: C:/Users/DennisThinhTan/Documents/GitHub/INDADHandIn4/image/waitForGraphF
orLM.png Graphic file (type png)

<use C:/Users/DennisThinhTan/Documents/GitHub/INDADHandIn4/image/waitForGraphFo
rLM.png>
Package pdftex.def Info: C:/Users/DennisThinhTan/Documents/GitHub/INDADHandIn4/
image/waitForGraphForLM.png used on input line 14.
(pdftex.def)             Requested size: 241.49895pt x 235.37376pt.
 [4 <C:/Users/DennisThinhTan/Documents/GitHub/INDADHandIn4/image/waitForGraphFo
rLM.png>]) [5] (section/problem3DeadLockPrevention.tex
<C:/Users/DennisThinhTan/Documents/GitHub/INDADHandIn4/image/Lm1TableDeadLockPr
evention.png, id=24, 335.75438pt x 187.45032pt>
File: C:/Users/DennisThinhTan/Documents/GitHub/INDADHandIn4/image/Lm1TableDeadL
ockPrevention.png Graphic file (type png)

<use C:/Users/DennisThinhTan/Documents/GitHub/INDADHandIn4/image/Lm1TableDeadLo
ckPrevention.png>
Package pdftex.def Info: C:/Users/DennisThinhTan/Documents/GitHub/INDADHandIn4/
image/Lm1TableDeadLockPrevention.png used on input line 6.
(pdftex.def)             Requested size: 241.49895pt x 134.82681pt.
 [6


 <C:/Users/DennisThinhTan/Documents/GitHub/INDADHandIn4/image/Lm1TableDeadLockP
revention.png>]
<C:/Users/DennisThinhTan/Documents/GitHub/INDADHandIn4/image/waitForGraphForLM1
DeadLock.png, id=28, 263.86078pt x 246.1697pt>
File: C:/Users/DennisThinhTan/Documents/GitHub/INDADHandIn4/image/waitForGraphF
orLM1DeadLock.png Graphic file (type png)

<use C:/Users/DennisThinhTan/Documents/GitHub/INDADHandIn4/image/waitForGraphFo
rLM1DeadLock.png>
Package pdftex.def Info: C:/Users/DennisThinhTan/Documents/GitHub/INDADHandIn4/
image/waitForGraphForLM1DeadLock.png used on input line 17.
(pdftex.def)             Requested size: 241.49895pt x 225.3069pt.
 [7 <C:/Users/DennisThinhTan/Documents/GitHub/INDADHandIn4/image/waitForGraphFo
rLM1DeadLock.png>]
LaTeX Font Info:    Try loading font information for OMS+cmr on input line 28.

("C:\Program Files (x86)\MikTex\tex\latex\base\omscmr.fd"
File: omscmr.fd 2014/09/29 v2.5h Standard LaTeX font definitions
)
LaTeX Font Info:    Font shape `OMS/cmr/m/n' in size <10> not available
(Font)              Font shape `OMS/cmsy/m/n' tried instead on input line 28.
 [8]
<C:/Users/DennisThinhTan/Documents/GitHub/INDADHandIn4/image/Lm123TableDeadlock
Prevention.png, id=37, 335.37798pt x 187.45032pt>
File: C:/Users/DennisThinhTan/Documents/GitHub/INDADHandIn4/image/Lm123TableDea
dlockPrevention.png Graphic file (type png)

<<<<<<< HEAD
(C:\Users\FamilienMarstrand\Documents\INDAD\Assignment_Work_Folder\INDADHandIn4
\section/problem1.tex
Missing character: There is no ï in font cmr10!
Missing character: There is no ¬ in font cmr10!
Missing character: There is no ‚ in font cmr10!
Missing character: There is no ï in font cmr10!
Missing character: There is no ¬ in font cmr10!
Missing character: There is no ‚ in font cmr10!
Missing character: There is no ï in font cmr10!
Missing character: There is no ¬ in font cmr10!
Missing character: There is no ‚ in font cmr10!

<image/serializabilitySchedule1.png, id=8, 143.78719pt x 163.3603pt>
File: image/serializabilitySchedule1.png Graphic file (type png)

<use image/serializabilitySchedule1.png>
Package pdftex.def Info: image/serializabilitySchedule1.png used on input line 
28.
(pdftex.def)             Requested size: 200.0003pt x 227.23216pt.
 [2

]
Missing character: There is no ï in font cmr10!
Missing character: There is no ¬ in font cmr10!
Missing character: There is no ‚ in font cmr10!
Missing character: There is no ï in font cmr10!
Missing character: There is no ¬ in font cmr10!
Missing character: There is no ‚ in font cmr10!
LaTeX Font Info:    External font `cmex10' loaded for size
(Font)              <7> on input line 42.
LaTeX Font Info:    External font `cmex10' loaded for size
(Font)              <5> on input line 42.
 [3 <C:/Users/FamilienMarstrand/Documents/INDAD/Assignment_Work_Folder/INDADHan
dIn4/image/serializabilitySchedule1.png>] <image/dependencyGraph.png, id=19, 30
6.77109pt x 254.07422pt>
File: image/dependencyGraph.png Graphic file (type png)

<use image/dependencyGraph.png>
Package pdftex.def Info: image/dependencyGraph.png used on input line 47.
(pdftex.def)             Requested size: 200.0003pt x 165.64638pt.

<image/serializabilitySchedule2.png, id=20, 171.64125pt x 268.75406pt>
File: image/serializabilitySchedule2.png Graphic file (type png)

<use image/serializabilitySchedule2.png>
Package pdftex.def Info: image/serializabilitySchedule2.png used on input line 
58.
(pdftex.def)             Requested size: 200.0003pt x 313.15741pt.
 [4 <C:/Users/FamilienMarstrand/Documents/INDAD/Assignment_Work_Folder/INDADHan
dIn4/image/dependencyGraph.png>])
[5 <C:/Users/FamilienMarstrand/Documents/INDAD/Assignment_Work_Folder/INDADHand
In4/image/serializabilitySchedule2.png>]
(C:\Users\FamilienMarstrand\Documents\INDAD\Assignment_Work_Folder\INDADHandIn4
\HandIn4Main.aux
(C:\Users\FamilienMarstrand\Documents\INDAD\Assignment_Work_Folder\INDADHandIn4
\section/problem1.aux)) ) 
Here is how much of TeX's memory you used:
 1556 strings out of 493921
 21556 string characters out of 3144841
 74238 words of memory out of 3000000
 4861 multiletter control sequences out of 15000+200000
 8241 words of font info for 29 fonts, out of 3000000 for 9000
 841 hyphenation exceptions out of 8191
 27i,6n,24p,325b,221s stack positions out of 5000i,500n,10000p,200000b,50000s
<C:/Program Files (x86)/MiKTeX 2.9/fonts/type1/public/
amsfonts/cm/cmbx10.pfb><C:/Program Files (x86)/MiKTeX 2.9/fonts/type1/public/am
sfonts/cm/cmbx12.pfb><C:/Program Files (x86)/MiKTeX 2.9/fonts/type1/public/amsf
onts/cm/cmmi10.pfb><C:/Program Files (x86)/MiKTeX 2.9/fonts/type1/public/amsfon
ts/cm/cmr10.pfb><C:/Program Files (x86)/MiKTeX 2.9/fonts/type1/public/amsfonts/
cm/cmr12.pfb><C:/Program Files (x86)/MiKTeX 2.9/fonts/type1/public/amsfonts/cm/
cmr17.pfb><C:/Program Files (x86)/MiKTeX 2.9/fonts/type1/public/amsfonts/cm/cmr
7.pfb><C:/Program Files (x86)/MiKTeX 2.9/fonts/type1/public/amsfonts/cm/cmti10.
pfb>
Output written on HandIn4Main.pdf (5 pages, 133212 bytes).
PDF statistics:
 53 PDF objects out of 1000 (max. 8388607)
 0 named destinations out of 1000 (max. 500000)
 16 words of extra memory for PDF output out of 10000 (max. 10000000)
=======
<use C:/Users/DennisThinhTan/Documents/GitHub/INDADHandIn4/image/Lm123TableDead
lockPrevention.png>
Package pdftex.def Info: C:/Users/DennisThinhTan/Documents/GitHub/INDADHandIn4/
image/Lm123TableDeadlockPrevention.png used on input line 55.
(pdftex.def)             Requested size: 241.49895pt x 134.97841pt.
) [9 <C:/Users/DennisThinhTan/Documents/GitHub/INDADHandIn4/image/Lm123TableDea
dlockPrevention.png>] (HandIn4Main.aux
(section/problem2DeadLock.aux) (section/problem3DeadLockPrevention.aux)) ) 
Here is how much of TeX's memory you used:
 1699 strings out of 493673
 24071 string characters out of 3143122
 83784 words of memory out of 3000000
 5045 multiletter control sequences out of 15000+200000
 7895 words of font info for 28 fonts, out of 3000000 for 9000
 1025 hyphenation exceptions out of 8191
 27i,6n,23p,371b,223s stack positions out of 5000i,500n,10000p,200000b,50000s
<C:/P
rogram Files (x86)/MikTex/fonts/type1/public/amsfonts/cm/cmbx10.pfb><C:/Program
 Files (x86)/MikTex/fonts/type1/public/amsfonts/cm/cmbx12.pfb><C:/Program Files
 (x86)/MikTex/fonts/type1/public/amsfonts/cm/cmr10.pfb><C:/Program Files (x86)/
MikTex/fonts/type1/public/amsfonts/cm/cmr12.pfb><C:/Program Files (x86)/MikTex/
fonts/type1/public/amsfonts/cm/cmr17.pfb><C:/Program Files (x86)/MikTex/fonts/t
ype1/public/amsfonts/cm/cmsy10.pfb>
Output written on HandIn4Main.pdf (9 pages, 182260 bytes).
PDF statistics:
 61 PDF objects out of 1000 (max. 8388607)
 0 named destinations out of 1000 (max. 500000)
 26 words of extra memory for PDF output out of 10000 (max. 10000000)
>>>>>>> origin/master

